<?xml version="1.0" encoding="UTF-8"?>
<testsuite name="com.example.project.TestHorseBarn" tests="3" skipped="0" failures="0" errors="0" timestamp="2025-01-08T04:12:50" hostname="codespaces-9c3673" time="0.077">
  <properties/>
  <testcase name="testHorseBarnConstructorAndGetStalls()" classname="com.example.project.TestHorseBarn" time="0.065"/>
  <testcase name="testPlaceHorseAndFindHorseStall()" classname="com.example.project.TestHorseBarn" time="0.007"/>
  <testcase name="testConsolidate()" classname="com.example.project.TestHorseBarn" time="0.001"/>
  <system-out><![CDATA[Trigger
Trigger
Silver
Trigger
Silver
]]></system-out>
  <system-err><![CDATA[]]></system-err>
</testsuite>
